Determining if the pthread_create exist failed with the following output:
Change Dir: /home/zxp/demo_demo/build/CMakeFiles/CMakeTmp

Run Build Command:"/usr/bin/make" "cmTC_afe01/fast"
/usr/bin/make -f CMakeFiles/cmTC_afe01.dir/build.make CMakeFiles/cmTC_afe01.dir/build
make[1]: Entering directory '/home/zxp/demo_demo/build/CMakeFiles/CMakeTmp'
Building C object CMakeFiles/cmTC_afe01.dir/CheckSymbolExists.c.o
/usr/bin/cc    -o CMakeFiles/cmTC_afe01.dir/CheckSymbolExists.c.o   -c /home/zxp/demo_demo/build/CMakeFiles/CMakeTmp/CheckSymbolExists.c
Linking C executable cmTC_afe01
/usr/bin/cmake -E cmake_link_script CMakeFiles/cmTC_afe01.dir/link.txt --verbose=1
/usr/bin/cc      -rdynamic CMakeFiles/cmTC_afe01.dir/CheckSymbolExists.c.o  -o cmTC_afe01 
CMakeFiles/cmTC_afe01.dir/CheckSymbolExists.c.o: In function `main':
CheckSymbolExists.c:(.text+0x1b): undefined reference to `pthread_create'
collect2: error: ld returned 1 exit status
CMakeFiles/cmTC_afe01.dir/build.make:97: recipe for target 'cmTC_afe01' failed
make[1]: *** [cmTC_afe01] Error 1
make[1]: Leaving directory '/home/zxp/demo_demo/build/CMakeFiles/CMakeTmp'
Makefile:126: recipe for target 'cmTC_afe01/fast' failed
make: *** [cmTC_afe01/fast] Error 2

File /home/zxp/demo_demo/build/CMakeFiles/CMakeTmp/CheckSymbolExists.c:
/* */
#include <pthread.h>

int main(int argc, char** argv)
{
  (void)argv;
#ifndef pthread_create
  return ((int*)(&pthread_create))[argc];
#else
  (void)argc;
  return 0;
#endif
}

Determining if the function pthread_create exists in the pthreads failed with the following output:
Change Dir: /home/zxp/demo_demo/build/CMakeFiles/CMakeTmp

Run Build Command:"/usr/bin/make" "cmTC_31097/fast"
/usr/bin/make -f CMakeFiles/cmTC_31097.dir/build.make CMakeFiles/cmTC_31097.dir/build
make[1]: Entering directory '/home/zxp/demo_demo/build/CMakeFiles/CMakeTmp'
Building C object CMakeFiles/cmTC_31097.dir/CheckFunctionExists.c.o
/usr/bin/cc   -DCHECK_FUNCTION_EXISTS=pthread_create   -o CMakeFiles/cmTC_31097.dir/CheckFunctionExists.c.o   -c /usr/share/cmake-3.10/Modules/CheckFunctionExists.c
Linking C executable cmTC_31097
/usr/bin/cmake -E cmake_link_script CMakeFiles/cmTC_31097.dir/link.txt --verbose=1
/usr/bin/cc  -DCHECK_FUNCTION_EXISTS=pthread_create    -rdynamic CMakeFiles/cmTC_31097.dir/CheckFunctionExists.c.o  -o cmTC_31097 -lpthreads 
/usr/bin/ld: cannot find -lpthreads
collect2: error: ld returned 1 exit status
CMakeFiles/cmTC_31097.dir/build.make:97: recipe for target 'cmTC_31097' failed
make[1]: *** [cmTC_31097] Error 1
make[1]: Leaving directory '/home/zxp/demo_demo/build/CMakeFiles/CMakeTmp'
Makefile:126: recipe for target 'cmTC_31097/fast' failed
make: *** [cmTC_31097/fast] Error 2


